0 info it worked if it ends with ok
1 verbose cli [ '/usr/local/bin/node', '/usr/local/bin/npm', 'run', 'test' ]
2 info using npm@3.10.9
3 info using node@v6.9.2
4 verbose run-script [ 'pretest', 'test', 'posttest' ]
5 info lifecycle redux-fragments-boilerplate@0.0.2~pretest: redux-fragments-boilerplate@0.0.2
6 silly lifecycle redux-fragments-boilerplate@0.0.2~pretest: no script for pretest, continuing
7 info lifecycle redux-fragments-boilerplate@0.0.2~test: redux-fragments-boilerplate@0.0.2
8 verbose lifecycle redux-fragments-boilerplate@0.0.2~test: unsafe-perm in lifecycle true
9 verbose lifecycle redux-fragments-boilerplate@0.0.2~test: PATH: /usr/local/lib/node_modules/npm/bin/node-gyp-bin:/Users/sweetiepie/Code/redux-fragments-boilerplate/node_modules/.bin:/usr/local/bin:/usr/bin:/bin:/usr/sbin:/sbin
10 verbose lifecycle redux-fragments-boilerplate@0.0.2~test: CWD: /Users/sweetiepie/Code/redux-fragments-boilerplate
11 silly lifecycle redux-fragments-boilerplate@0.0.2~test: Args: [ '-c',
11 silly lifecycle   'karma start --single-run --no-auto-watch karma.config.js' ]
12 silly lifecycle redux-fragments-boilerplate@0.0.2~test: Returned: code: 1  signal: null
13 info lifecycle redux-fragments-boilerplate@0.0.2~test: Failed to exec test script
14 verbose stack Error: redux-fragments-boilerplate@0.0.2 test: `karma start --single-run --no-auto-watch karma.config.js`
14 verbose stack Exit status 1
14 verbose stack     at EventEmitter.<anonymous> (/usr/local/lib/node_modules/npm/lib/utils/lifecycle.js:255:16)
14 verbose stack     at emitTwo (events.js:106:13)
14 verbose stack     at EventEmitter.emit (events.js:191:7)
14 verbose stack     at ChildProcess.<anonymous> (/usr/local/lib/node_modules/npm/lib/utils/spawn.js:40:14)
14 verbose stack     at emitTwo (events.js:106:13)
14 verbose stack     at ChildProcess.emit (events.js:191:7)
14 verbose stack     at maybeClose (internal/child_process.js:877:16)
14 verbose stack     at Process.ChildProcess._handle.onexit (internal/child_process.js:226:5)
15 verbose pkgid redux-fragments-boilerplate@0.0.2
16 verbose cwd /Users/sweetiepie/Code/redux-fragments-boilerplate
17 error Darwin 16.1.0
18 error argv "/usr/local/bin/node" "/usr/local/bin/npm" "run" "test"
19 error node v6.9.2
20 error npm  v3.10.9
21 error code ELIFECYCLE
22 error redux-fragments-boilerplate@0.0.2 test: `karma start --single-run --no-auto-watch karma.config.js`
22 error Exit status 1
23 error Failed at the redux-fragments-boilerplate@0.0.2 test script 'karma start --single-run --no-auto-watch karma.config.js'.
23 error Make sure you have the latest version of node.js and npm installed.
23 error If you do, this is most likely a problem with the redux-fragments-boilerplate package,
23 error not with npm itself.
23 error Tell the author that this fails on your system:
23 error     karma start --single-run --no-auto-watch karma.config.js
23 error You can get information on how to open an issue for this project with:
23 error     npm bugs redux-fragments-boilerplate
23 error Or if that isn't available, you can get their info via:
23 error     npm owner ls redux-fragments-boilerplate
23 error There is likely additional logging output above.
24 verbose exit [ 1, true ]
